<?xml version="1.0" encoding="UTF-8"?>
<testsuite xmlns:xsi="http://www.w3.org/2001/XMLSchema-instance" xsi:noNamespaceSchemaLocation="https://maven.apache.org/surefire/maven-surefire-plugin/xsd/surefire-test-report.xsd" name="AccountTest" time="0.867" tests="11" errors="0" skipped="0" failures="0">
  <properties>
[...]
</properties>
  <testcase name="checkPrint[name = Павел Петров | isTrue = true]" classname="AccountTest" time="0.562"/>
  <testcase name="checkPrint[name = Ю И | isTrue = true]" classname="AccountTest" time="0.003"/>
  <testcase name="checkPrint[name = Тимофей Дзержинский | isTrue = true]" classname="AccountTest" time="0.002"/>
  <testcase name="checkPrint[name = ЮИ | isTrue = false]" classname="AccountTest" time="0.002"/>
  <testcase name="checkPrint[name = 1234 4321 | isTrue = true]" classname="AccountTest" time="0.002"/>
  <testcase name="checkPrint[name = 12345678 123456789 | isTrue = true]" classname="AccountTest" time="0.002"/>
  <testcase name="checkPrint[name = Здесь ровно20символв | isTrue = false]" classname="AccountTest" time="0.002"/>
  <testcase name="checkPrint[name =  Алекс Праведный | isTrue = false]" classname="AccountTest" time="0.002"/>
  <testcase name="checkPrint[name = Жора Качинский  | isTrue = false]" classname="AccountTest" time="0.002"/>
  <testcase name="checkPrint[name = Дора  Дора | isTrue = false]" classname="AccountTest" time="0.002"/>
  <testcase name="checkPrint[name = null | isTrue = false]" classname="AccountTest" time="0.001"/>
</testsuite>